2017-04-24 18:48:56.482  WARN 3965 --- [main] .t.AbstractTemplateResolverConfiguration : Cannot find template location: classpath:/templates/ (please add some templates or check your Thymeleaf configuration)
2017-04-24 18:48:57.765 ERROR 3965 --- [pool-2-thread-8] code.jtduan.crawler.IPCheck              : Server returned HTTP response code: 403 for URL: http://www.baidu.com/s?wd=ip
2017-04-24 18:48:58.170 ERROR 3965 --- [ThreadPoolTaskScheduler-14] code.jtduan.crawler.IPCheck              : Premature EOF
2017-04-24 18:48:58.305  WARN 3965 --- [ThreadPoolTaskScheduler-5] c.j.crawler.proxypool.IPRegexCrawler     : 抓取到空内容http://superfastip.com/welcome/testRedis
2017-04-24 18:48:58.848  WARN 3965 --- [ThreadPoolTaskScheduler-5] c.j.crawler.proxypool.IPRegexCrawler     : 抓取到空内容http://superfastip.com/welcome/testRedis
2017-04-24 18:48:59.372  WARN 3965 --- [ThreadPoolTaskScheduler-5] c.j.crawler.proxypool.IPRegexCrawler     : 抓取到空内容http://superfastip.com/welcome/testRedis
2017-04-24 18:48:59.865  WARN 3965 --- [ThreadPoolTaskScheduler-5] c.j.crawler.proxypool.IPRegexCrawler     : 抓取到空内容http://superfastip.com/welcome/testRedis
2017-04-24 18:49:00.341  WARN 3965 --- [ThreadPoolTaskScheduler-5] c.j.crawler.proxypool.IPRegexCrawler     : 抓取到空内容http://superfastip.com/welcome/testRedis
2017-04-24 18:49:00.834  WARN 3965 --- [ThreadPoolTaskScheduler-5] c.j.crawler.proxypool.IPRegexCrawler     : 抓取到空内容http://superfastip.com/welcome/testRedis
2017-04-24 18:49:01.333  WARN 3965 --- [ThreadPoolTaskScheduler-5] c.j.crawler.proxypool.IPRegexCrawler     : 抓取到空内容http://superfastip.com/welcome/testRedis
2017-04-24 18:49:01.825  WARN 3965 --- [ThreadPoolTaskScheduler-5] c.j.crawler.proxypool.IPRegexCrawler     : 抓取到空内容http://superfastip.com/welcome/testRedis
2017-04-24 18:49:02.342  WARN 3965 --- [ThreadPoolTaskScheduler-5] c.j.crawler.proxypool.IPRegexCrawler     : 抓取到空内容http://superfastip.com/welcome/testRedis
2017-04-24 18:49:02.858  WARN 3965 --- [ThreadPoolTaskScheduler-5] c.j.crawler.proxypool.IPRegexCrawler     : 抓取到空内容http://superfastip.com/welcome/testRedis
2017-04-24 18:49:03.419  WARN 3965 --- [ThreadPoolTaskScheduler-5] c.j.crawler.proxypool.IPRegexCrawler     : 抓取到空内容http://superfastip.com/welcome/testRedis
2017-04-24 18:49:03.692 ERROR 3965 --- [pool-2-thread-26] code.jtduan.crawler.IPCheck              : Connection refused (Connection refused)
2017-04-24 18:49:03.948  WARN 3965 --- [ThreadPoolTaskScheduler-5] c.j.crawler.proxypool.IPRegexCrawler     : 抓取到空内容http://superfastip.com/welcome/testRedis
2017-04-24 18:49:04.474  WARN 3965 --- [ThreadPoolTaskScheduler-5] c.j.crawler.proxypool.IPRegexCrawler     : 抓取到空内容http://superfastip.com/welcome/testRedis
2017-04-24 18:49:04.991  WARN 3965 --- [ThreadPoolTaskScheduler-5] c.j.crawler.proxypool.IPRegexCrawler     : 抓取到空内容http://superfastip.com/welcome/testRedis
2017-04-24 18:49:05.476  WARN 3965 --- [ThreadPoolTaskScheduler-5] c.j.crawler.proxypool.IPRegexCrawler     : 抓取到空内容http://superfastip.com/welcome/testRedis
2017-04-24 18:49:05.967  WARN 3965 --- [ThreadPoolTaskScheduler-5] c.j.crawler.proxypool.IPRegexCrawler     : 抓取到空内容http://superfastip.com/welcome/testRedis
2017-04-24 18:49:06.476  WARN 3965 --- [ThreadPoolTaskScheduler-5] c.j.crawler.proxypool.IPRegexCrawler     : 抓取到空内容http://superfastip.com/welcome/testRedis
2017-04-24 18:49:06.960  WARN 3965 --- [ThreadPoolTaskScheduler-5] c.j.crawler.proxypool.IPRegexCrawler     : 抓取到空内容http://superfastip.com/welcome/testRedis
2017-04-24 18:49:07.427  WARN 3965 --- [ThreadPoolTaskScheduler-5] c.j.crawler.proxypool.IPRegexCrawler     : 抓取到空内容http://superfastip.com/welcome/testRedis
2017-04-24 18:49:07.772 ERROR 3965 --- [pool-2-thread-12] code.jtduan.crawler.IPCheck              : connect timed out
2017-04-24 18:49:07.916  WARN 3965 --- [ThreadPoolTaskScheduler-5] c.j.crawler.proxypool.IPRegexCrawler     : 抓取到空内容http://superfastip.com/welcome/testRedis
2017-04-24 18:49:07.994 ERROR 3965 --- [ThreadPoolTaskScheduler-12] code.jtduan.crawler.IPCheck              : Server returned HTTP response code: 502 for URL: http://www.baidu.com/s?wd=ip
2017-04-24 18:49:08.208 ERROR 3965 --- [pool-2-thread-12] code.jtduan.crawler.IPCheck              : Premature EOF
2017-04-24 18:49:08.374  WARN 3965 --- [ThreadPoolTaskScheduler-5] c.j.crawler.proxypool.IPRegexCrawler     : 抓取到空内容http://superfastip.com/welcome/testRedis
2017-04-24 18:49:08.614 ERROR 3965 --- [pool-2-thread-4] code.jtduan.crawler.IPCheck              : Read timed out
2017-04-24 18:49:08.855  WARN 3965 --- [ThreadPoolTaskScheduler-5] c.j.crawler.proxypool.IPRegexCrawler     : 抓取到空内容http://superfastip.com/welcome/testRedis
2017-04-24 18:49:08.937 ERROR 3965 --- [pool-2-thread-13] code.jtduan.crawler.IPCheck              : connect timed out
2017-04-24 18:49:09.324  WARN 3965 --- [ThreadPoolTaskScheduler-5] c.j.crawler.proxypool.IPRegexCrawler     : 抓取到空内容http://superfastip.com/welcome/testRedis
2017-04-24 18:49:09.824  WARN 3965 --- [ThreadPoolTaskScheduler-5] c.j.crawler.proxypool.IPRegexCrawler     : 抓取到空内容http://superfastip.com/welcome/testRedis
2017-04-24 18:49:10.136 ERROR 3965 --- [pool-2-thread-22] code.jtduan.crawler.IPCheck              : Read timed out
2017-04-24 18:49:10.308 ERROR 3965 --- [pool-2-thread-16] code.jtduan.crawler.IPCheck              : Read timed out
2017-04-24 18:49:10.327  WARN 3965 --- [ThreadPoolTaskScheduler-5] c.j.crawler.proxypool.IPRegexCrawler     : 抓取到空内容http://superfastip.com/welcome/testRedis
2017-04-24 18:49:10.863  WARN 3965 --- [ThreadPoolTaskScheduler-5] c.j.crawler.proxypool.IPRegexCrawler     : 抓取到空内容http://superfastip.com/welcome/testRedis
2017-04-24 18:49:10.943 ERROR 3965 --- [ThreadPoolTaskScheduler-1] code.jtduan.crawler.IPCheck              : connect timed out
2017-04-24 18:49:11.347  WARN 3965 --- [ThreadPoolTaskScheduler-5] c.j.crawler.proxypool.IPRegexCrawler     : 抓取到空内容http://superfastip.com/welcome/testRedis
2017-04-24 18:49:11.348 ERROR 3965 --- [pool-2-thread-42] code.jtduan.crawler.IPCheck              : connect timed out
2017-04-24 18:49:11.516 ERROR 3965 --- [pool-2-thread-48] code.jtduan.crawler.IPCheck              : Read timed out
2017-04-24 18:49:11.872  WARN 3965 --- [ThreadPoolTaskScheduler-5] c.j.crawler.proxypool.IPRegexCrawler     : 抓取到空内容http://superfastip.com/welcome/testRedis
2017-04-24 18:49:12.124 ERROR 3965 --- [pool-2-thread-35] code.jtduan.crawler.IPCheck              : Connection reset
2017-04-24 18:49:12.356  WARN 3965 --- [ThreadPoolTaskScheduler-5] c.j.crawler.proxypool.IPRegexCrawler     : 抓取到空内容http://superfastip.com/welcome/testRedis
2017-04-24 18:49:12.453 ERROR 3965 --- [pool-2-thread-45] code.jtduan.crawler.IPCheck              : Read timed out
2017-04-24 18:49:12.800  WARN 3965 --- [ThreadPoolTaskScheduler-5] c.j.crawler.proxypool.IPRegexCrawler     : 抓取到空内容http://superfastip.com/welcome/testRedis
2017-04-24 18:49:12.918 ERROR 3965 --- [pool-2-thread-20] code.jtduan.crawler.IPCheck              : Connection reset
2017-04-24 18:49:13.302  WARN 3965 --- [ThreadPoolTaskScheduler-5] c.j.crawler.proxypool.IPRegexCrawler     : 抓取到空内容http://superfastip.com/welcome/testRedis
2017-04-24 18:49:13.792  WARN 3965 --- [ThreadPoolTaskScheduler-5] c.j.crawler.proxypool.IPRegexCrawler     : 抓取到空内容http://superfastip.com/welcome/testRedis
2017-04-24 18:49:13.889 ERROR 3965 --- [pool-2-thread-31] code.jtduan.crawler.IPCheck              : connect timed out
2017-04-24 18:49:13.908 ERROR 3965 --- [pool-2-thread-37] code.jtduan.crawler.IPCheck              : http://www.baidu.com/s?wd=ip
2017-04-24 18:49:14.277 ERROR 3965 --- [pool-2-thread-38] code.jtduan.crawler.IPCheck              : Server returned HTTP response code: 403 for URL: http://www.baidu.com/s?wd=ip
2017-04-24 18:49:14.302  WARN 3965 --- [ThreadPoolTaskScheduler-5] c.j.crawler.proxypool.IPRegexCrawler     : 抓取到空内容http://superfastip.com/welcome/testRedis
2017-04-24 18:49:14.817  WARN 3965 --- [ThreadPoolTaskScheduler-5] c.j.crawler.proxypool.IPRegexCrawler     : 抓取到空内容http://superfastip.com/welcome/testRedis
2017-04-24 18:49:15.336  WARN 3965 --- [ThreadPoolTaskScheduler-5] c.j.crawler.proxypool.IPRegexCrawler     : 抓取到空内容http://superfastip.com/welcome/testRedis
2017-04-24 18:49:15.803  WARN 3965 --- [ThreadPoolTaskScheduler-5] c.j.crawler.proxypool.IPRegexCrawler     : 抓取到空内容http://superfastip.com/welcome/testRedis
2017-04-24 18:49:16.283  WARN 3965 --- [ThreadPoolTaskScheduler-5] c.j.crawler.proxypool.IPRegexCrawler     : 抓取到空内容http://superfastip.com/welcome/testRedis
2017-04-24 18:49:16.791  WARN 3965 --- [ThreadPoolTaskScheduler-5] c.j.crawler.proxypool.IPRegexCrawler     : 抓取到空内容http://superfastip.com/welcome/testRedis
2017-04-24 18:49:17.303  WARN 3965 --- [ThreadPoolTaskScheduler-5] c.j.crawler.proxypool.IPRegexCrawler     : 抓取到空内容http://superfastip.com/welcome/testRedis
2017-04-24 18:49:17.800  WARN 3965 --- [ThreadPoolTaskScheduler-5] c.j.crawler.proxypool.IPRegexCrawler     : 抓取到空内容http://superfastip.com/welcome/testRedis
2017-04-24 18:49:17.938 ERROR 3965 --- [ThreadPoolTaskScheduler-13] code.jtduan.crawler.IPCheck              : Read timed out
2017-04-24 18:49:18.108 ERROR 3965 --- [ThreadPoolTaskScheduler-12] code.jtduan.crawler.IPCheck              : Read timed out
2017-04-24 18:49:18.257  WARN 3965 --- [ThreadPoolTaskScheduler-5] c.j.crawler.proxypool.IPRegexCrawler     : 抓取到空内容http://superfastip.com/welcome/testRedis
2017-04-24 18:49:18.708  WARN 3965 --- [ThreadPoolTaskScheduler-5] c.j.crawler.proxypool.IPRegexCrawler     : 抓取到空内容http://superfastip.com/welcome/testRedis
2017-04-24 18:49:19.011 ERROR 3965 --- [ThreadPoolTaskScheduler-19] code.jtduan.crawler.IPCheck              : Read timed out
2017-04-24 18:49:19.160  WARN 3965 --- [ThreadPoolTaskScheduler-5] c.j.crawler.proxypool.IPRegexCrawler     : 抓取到空内容http://superfastip.com/welcome/testRedis
2017-04-24 18:49:19.481 ERROR 3965 --- [pool-2-thread-19] code.jtduan.crawler.IPCheck              : Read timed out
2017-04-24 18:49:19.619  WARN 3965 --- [ThreadPoolTaskScheduler-5] c.j.crawler.proxypool.IPRegexCrawler     : 抓取到空内容http://superfastip.com/welcome/testRedis
2017-04-24 18:49:19.693 ERROR 3965 --- [pool-2-thread-27] code.jtduan.crawler.IPCheck              : Read timed out
2017-04-24 18:49:20.134  WARN 3965 --- [ThreadPoolTaskScheduler-5] c.j.crawler.proxypool.IPRegexCrawler     : 抓取到空内容http://superfastip.com/welcome/testRedis
2017-04-24 18:49:20.635  WARN 3965 --- [ThreadPoolTaskScheduler-5] c.j.crawler.proxypool.IPRegexCrawler     : 抓取到空内容http://superfastip.com/welcome/testRedis
2017-04-24 18:49:21.090  WARN 3965 --- [ThreadPoolTaskScheduler-5] c.j.crawler.proxypool.IPRegexCrawler     : 抓取到空内容http://superfastip.com/welcome/testRedis
2017-04-24 18:49:21.529  WARN 3965 --- [ThreadPoolTaskScheduler-5] c.j.crawler.proxypool.IPRegexCrawler     : 抓取到空内容http://superfastip.com/welcome/testRedis
2017-04-24 18:49:21.809 ERROR 3965 --- [ThreadPoolTaskScheduler-9] code.jtduan.crawler.IPCheck              : Read timed out
2017-04-24 18:49:21.989  WARN 3965 --- [ThreadPoolTaskScheduler-5] c.j.crawler.proxypool.IPRegexCrawler     : 抓取到空内容http://superfastip.com/welcome/testRedis
2017-04-24 18:49:22.450  WARN 3965 --- [ThreadPoolTaskScheduler-5] c.j.crawler.proxypool.IPRegexCrawler     : 抓取到空内容http://superfastip.com/welcome/testRedis
2017-04-24 18:49:22.829 ERROR 3965 --- [ThreadPoolTaskScheduler-11] code.jtduan.crawler.IPCheck              : Read timed out
2017-04-24 18:49:22.899  WARN 3965 --- [ThreadPoolTaskScheduler-5] c.j.crawler.proxypool.IPRegexCrawler     : 抓取到空内容http://superfastip.com/welcome/testRedis
2017-04-24 18:49:23.130 ERROR 3965 --- [pool-2-thread-40] code.jtduan.crawler.IPCheck              : Read timed out
2017-04-24 18:49:23.361  WARN 3965 --- [ThreadPoolTaskScheduler-5] c.j.crawler.proxypool.IPRegexCrawler     : 抓取到空内容http://superfastip.com/welcome/testRedis
2017-04-24 18:49:23.755 ERROR 3965 --- [ThreadPoolTaskScheduler-17] code.jtduan.crawler.IPCheck              : connect timed out
2017-04-24 18:49:23.835  WARN 3965 --- [ThreadPoolTaskScheduler-5] c.j.crawler.proxypool.IPRegexCrawler     : 抓取到空内容http://superfastip.com/welcome/testRedis
2017-04-24 18:49:24.299  WARN 3965 --- [ThreadPoolTaskScheduler-5] c.j.crawler.proxypool.IPRegexCrawler     : 抓取到空内容http://superfastip.com/welcome/testRedis
2017-04-24 18:49:24.317 ERROR 3965 --- [ThreadPoolTaskScheduler-4] code.jtduan.crawler.IPCheck              : Server returned HTTP response code: 504 for URL: http://www.baidu.com/s?wd=ip
2017-04-24 18:49:24.793  WARN 3965 --- [ThreadPoolTaskScheduler-5] c.j.crawler.proxypool.IPRegexCrawler     : 抓取到空内容http://superfastip.com/welcome/testRedis
2017-04-24 18:49:25.249  WARN 3965 --- [ThreadPoolTaskScheduler-5] c.j.crawler.proxypool.IPRegexCrawler     : 抓取到空内容http://superfastip.com/welcome/testRedis
2017-04-24 18:49:25.324 ERROR 3965 --- [pool-2-thread-14] code.jtduan.crawler.IPCheck              : Server returned HTTP response code: 503 for URL: http://www.baidu.com/s?wd=ip
2017-04-24 18:49:25.441 ERROR 3965 --- [ThreadPoolTaskScheduler-19] code.jtduan.crawler.IPCheck              : Premature EOF
2017-04-24 18:49:25.705  WARN 3965 --- [ThreadPoolTaskScheduler-5] c.j.crawler.proxypool.IPRegexCrawler     : 抓取到空内容http://superfastip.com/welcome/testRedis
2017-04-24 18:49:26.153  WARN 3965 --- [ThreadPoolTaskScheduler-5] c.j.crawler.proxypool.IPRegexCrawler     : 抓取到空内容http://superfastip.com/welcome/testRedis
2017-04-24 18:49:26.621  WARN 3965 --- [ThreadPoolTaskScheduler-5] c.j.crawler.proxypool.IPRegexCrawler     : 抓取到空内容http://superfastip.com/welcome/testRedis
2017-04-24 18:49:27.083  WARN 3965 --- [ThreadPoolTaskScheduler-5] c.j.crawler.proxypool.IPRegexCrawler     : 抓取到空内容http://superfastip.com/welcome/testRedis
2017-04-24 18:49:27.352 ERROR 3965 --- [pool-2-thread-31] code.jtduan.crawler.IPCheck              : Connection reset
2017-04-24 18:49:27.546  WARN 3965 --- [ThreadPoolTaskScheduler-5] c.j.crawler.proxypool.IPRegexCrawler     : 抓取到空内容http://superfastip.com/welcome/testRedis
2017-04-24 18:49:28.022  WARN 3965 --- [ThreadPoolTaskScheduler-5] c.j.crawler.proxypool.IPRegexCrawler     : 抓取到空内容http://superfastip.com/welcome/testRedis
2017-04-24 18:49:28.026 ERROR 3965 --- [pool-2-thread-20] code.jtduan.crawler.IPCheck              : Read timed out
2017-04-24 18:49:28.259 ERROR 3965 --- [ThreadPoolTaskScheduler-12] code.jtduan.crawler.IPCheck              : Server returned HTTP response code: 400 for URL: http://www.baidu.com/s?wd=ip
2017-04-24 18:49:28.431 ERROR 3965 --- [ThreadPoolTaskScheduler-12] code.jtduan.crawler.IPCheck              : http://www.baidu.com/s?wd=ip
2017-04-24 18:49:28.451 ERROR 3965 --- [ThreadPoolTaskScheduler-12] code.jtduan.crawler.IPCheck              : http://www.baidu.com/s?wd=ip
2017-04-24 18:49:28.498  WARN 3965 --- [ThreadPoolTaskScheduler-5] c.j.crawler.proxypool.IPRegexCrawler     : 抓取到空内容http://superfastip.com/welcome/testRedis
2017-04-24 18:49:28.979  WARN 3965 --- [ThreadPoolTaskScheduler-5] c.j.crawler.proxypool.IPRegexCrawler     : 抓取到空内容http://superfastip.com/welcome/testRedis
2017-04-24 18:49:29.446  WARN 3965 --- [ThreadPoolTaskScheduler-5] c.j.crawler.proxypool.IPRegexCrawler     : 抓取到空内容http://superfastip.com/welcome/testRedis
2017-04-24 18:49:29.952  WARN 3965 --- [ThreadPoolTaskScheduler-5] c.j.crawler.proxypool.IPRegexCrawler     : 抓取到空内容http://superfastip.com/welcome/testRedis
2017-04-24 18:49:29.965 ERROR 3965 --- [ThreadPoolTaskScheduler-20] code.jtduan.crawler.IPCheck              : Read timed out
2017-04-24 18:49:30.482  WARN 3965 --- [ThreadPoolTaskScheduler-5] c.j.crawler.proxypool.IPRegexCrawler     : 抓取到空内容http://superfastip.com/welcome/testRedis
2017-04-24 18:49:30.998  WARN 3965 --- [ThreadPoolTaskScheduler-5] c.j.crawler.proxypool.IPRegexCrawler     : 抓取到空内容http://superfastip.com/welcome/testRedis
2017-04-24 18:49:31.464  WARN 3965 --- [ThreadPoolTaskScheduler-5] c.j.crawler.proxypool.IPRegexCrawler     : 抓取到空内容http://superfastip.com/welcome/testRedis
2017-04-24 18:49:31.953  WARN 3965 --- [ThreadPoolTaskScheduler-5] c.j.crawler.proxypool.IPRegexCrawler     : 抓取到空内容http://superfastip.com/welcome/testRedis
2017-04-24 18:49:32.283 ERROR 3965 --- [pool-2-thread-35] code.jtduan.crawler.IPCheck              : Read timed out
2017-04-24 18:49:32.401 ERROR 3965 --- [ThreadPoolTaskScheduler-9] code.jtduan.crawler.IPCheck              : Read timed out
2017-04-24 18:49:32.478  WARN 3965 --- [ThreadPoolTaskScheduler-5] c.j.crawler.proxypool.IPRegexCrawler     : 抓取到空内容http://superfastip.com/welcome/testRedis
2017-04-24 18:49:32.751 ERROR 3965 --- [pool-2-thread-43] code.jtduan.crawler.IPCheck              : Read timed out
2017-04-24 18:49:32.940 ERROR 3965 --- [pool-2-thread-41] code.jtduan.crawler.IPCheck              : Read timed out
2017-04-24 18:49:32.963  WARN 3965 --- [ThreadPoolTaskScheduler-5] c.j.crawler.proxypool.IPRegexCrawler     : 抓取到空内容http://superfastip.com/welcome/testRedis
2017-04-24 18:49:33.116 ERROR 3965 --- [pool-2-thread-44] code.jtduan.crawler.IPCheck              : connect timed out
2017-04-24 18:49:33.477  WARN 3965 --- [ThreadPoolTaskScheduler-5] c.j.crawler.proxypool.IPRegexCrawler     : 抓取到空内容http://superfastip.com/welcome/testRedis
2017-04-24 18:49:33.605 ERROR 3965 --- [ThreadPoolTaskScheduler-18] code.jtduan.crawler.IPCheck              : Read timed out
2017-04-24 18:49:33.915 ERROR 3965 --- [pool-2-thread-21] code.jtduan.crawler.IPCheck              : Unexpected end of file from server
2017-04-24 18:49:34.004  WARN 3965 --- [ThreadPoolTaskScheduler-5] c.j.crawler.proxypool.IPRegexCrawler     : 抓取到空内容http://superfastip.com/welcome/testRedis
2017-04-24 18:49:34.090 ERROR 3965 --- [pool-2-thread-5] code.jtduan.crawler.IPCheck              : Unexpected end of file from server
2017-04-24 18:49:34.208 ERROR 3965 --- [pool-2-thread-16] code.jtduan.crawler.IPCheck              : Read timed out
2017-04-24 18:49:34.334 ERROR 3965 --- [pool-2-thread-17] code.jtduan.crawler.IPCheck              : Unexpected end of file from server
2017-04-24 18:49:34.336 ERROR 3965 --- [ThreadPoolTaskScheduler-10] code.jtduan.crawler.IPCheck              : Read timed out
2017-04-24 18:49:34.449  WARN 3965 --- [ThreadPoolTaskScheduler-5] c.j.crawler.proxypool.IPRegexCrawler     : 抓取到空内容http://superfastip.com/welcome/testRedis
2017-04-24 18:49:34.683 ERROR 3965 --- [pool-2-thread-24] code.jtduan.crawler.IPCheck              : Read timed out
2017-04-24 18:49:34.899  WARN 3965 --- [ThreadPoolTaskScheduler-5] c.j.crawler.proxypool.IPRegexCrawler     : 抓取到空内容http://superfastip.com/welcome/testRedis
2017-04-24 18:49:34.946 ERROR 3965 --- [pool-2-thread-48] code.jtduan.crawler.IPCheck              : Read timed out
2017-04-24 18:49:35.410 ERROR 3965 --- [pool-2-thread-24] code.jtduan.crawler.IPCheck              : Unexpected end of file from server
2017-04-24 18:49:35.435  WARN 3965 --- [ThreadPoolTaskScheduler-5] c.j.crawler.proxypool.IPRegexCrawler     : 抓取到空内容http://superfastip.com/welcome/testRedis
2017-04-24 18:49:35.653 ERROR 3965 --- [pool-2-thread-30] code.jtduan.crawler.IPCheck              : Read timed out
2017-04-24 18:49:35.925  WARN 3965 --- [ThreadPoolTaskScheduler-5] c.j.crawler.proxypool.IPRegexCrawler     : 抓取到空内容http://superfastip.com/welcome/testRedis
2017-04-24 18:49:36.385  WARN 3965 --- [ThreadPoolTaskScheduler-5] c.j.crawler.proxypool.IPRegexCrawler     : 抓取到空内容http://superfastip.com/welcome/testRedis
2017-04-24 18:49:36.413 ERROR 3965 --- [pool-2-thread-8] code.jtduan.crawler.IPCheck              : Unexpected end of file from server
2017-04-24 18:49:36.527 ERROR 3965 --- [pool-2-thread-28] code.jtduan.crawler.IPCheck              : Read timed out
2017-04-24 18:49:36.805 ERROR 3965 --- [pool-2-thread-17] code.jtduan.crawler.IPCheck              : Unexpected end of file from server
2017-04-24 18:49:36.857  WARN 3965 --- [ThreadPoolTaskScheduler-5] c.j.crawler.proxypool.IPRegexCrawler     : 抓取到空内容http://superfastip.com/welcome/testRedis
2017-04-24 18:49:36.975 ERROR 3965 --- [pool-2-thread-18] code.jtduan.crawler.IPCheck              : Read timed out
2017-04-24 18:49:37.379  WARN 3965 --- [ThreadPoolTaskScheduler-5] c.j.crawler.proxypool.IPRegexCrawler     : 抓取到空内容http://superfastip.com/welcome/testRedis
2017-04-24 18:49:37.711 ERROR 3965 --- [pool-2-thread-14] code.jtduan.crawler.IPCheck              : Unexpected end of file from server
2017-04-24 18:49:37.804 ERROR 3965 --- [pool-2-thread-45] code.jtduan.crawler.IPCheck              : Read timed out
2017-04-24 18:49:37.852  WARN 3965 --- [ThreadPoolTaskScheduler-5] c.j.crawler.proxypool.IPRegexCrawler     : 抓取到空内容http://superfastip.com/welcome/testRedis
2017-04-24 18:49:38.157 ERROR 3965 --- [pool-2-thread-41] code.jtduan.crawler.IPCheck              : Unexpected end of file from server
2017-04-24 18:49:38.318 ERROR 3965 --- [pool-2-thread-7] code.jtduan.crawler.IPCheck              : Unexpected end of file from server
2017-04-24 18:49:38.362  WARN 3965 --- [ThreadPoolTaskScheduler-5] c.j.crawler.proxypool.IPRegexCrawler     : 抓取到空内容http://superfastip.com/welcome/testRedis
2017-04-24 18:49:38.624 ERROR 3965 --- [ThreadPoolTaskScheduler-2] code.jtduan.crawler.IPCheck              : Read timed out
2017-04-24 18:50:15.820  WARN 3970 --- [main] .t.AbstractTemplateResolverConfiguration : Cannot find template location: classpath:/templates/ (please add some templates or check your Thymeleaf configuration)
2017-04-24 18:50:16.982 ERROR 3970 --- [pool-2-thread-9] code.jtduan.crawler.IPCheck              : http://www.baidu.com/s?wd=ip
2017-04-24 18:50:17.153 ERROR 3970 --- [pool-2-thread-6] code.jtduan.crawler.IPCheck              : http://www.baidu.com/s?wd=ip
2017-04-24 18:50:17.171 ERROR 3970 --- [pool-2-thread-8] code.jtduan.crawler.IPCheck              : http://www.baidu.com/s?wd=ip
2017-04-24 18:50:17.198 ERROR 3970 --- [pool-2-thread-12] code.jtduan.crawler.IPCheck              : http://www.baidu.com/s?wd=ip
2017-04-24 18:50:17.376  WARN 3970 --- [ThreadPoolTaskScheduler-15] c.j.crawler.proxypool.IPRegexCrawler     : 抓取到空内容http://superfastip.com/welcome/testRedis
2017-04-24 18:50:22.098 ERROR 3970 --- [pool-2-thread-28] code.jtduan.crawler.IPCheck              : Connection reset
2017-04-24 18:50:22.445 ERROR 3970 --- [ThreadPoolTaskScheduler-8] code.jtduan.crawler.IPCheck              : Server returned HTTP response code: 502 for URL: http://www.baidu.com/s?wd=ip
2017-04-24 18:50:26.946 ERROR 3970 --- [pool-2-thread-1] code.jtduan.crawler.IPCheck              : Server returned HTTP response code: 502 for URL: http://www.baidu.com/s?wd=ip
2017-04-24 18:50:27.044 ERROR 3970 --- [pool-2-thread-2] code.jtduan.crawler.IPCheck              : Read timed out
2017-04-24 18:50:27.068 ERROR 3970 --- [pool-2-thread-3] code.jtduan.crawler.IPCheck              : Server returned HTTP response code: 503 for URL: http://www.baidu.com/s?wd=ip
2017-04-24 18:50:27.096 ERROR 3970 --- [pool-2-thread-4] code.jtduan.crawler.IPCheck              : Server returned HTTP response code: 400 for URL: http://www.baidu.com/s?wd=ip
2017-04-24 18:50:27.121 ERROR 3970 --- [pool-2-thread-14] code.jtduan.crawler.IPCheck              : Server returned HTTP response code: 403 for URL: http://www.baidu.com/s?wd=ip
2017-04-24 18:50:28.472 ERROR 3970 --- [pool-2-thread-27] code.jtduan.crawler.IPCheck              : Read timed out
2017-04-24 18:50:29.533 ERROR 3970 --- [pool-2-thread-35] code.jtduan.crawler.IPCheck              : connect timed out
2017-04-24 18:50:30.879 ERROR 3970 --- [ThreadPoolTaskScheduler-4] code.jtduan.crawler.IPCheck              : connect timed out
2017-04-24 18:50:31.066 ERROR 3970 --- [ThreadPoolTaskScheduler-9] code.jtduan.crawler.IPCheck              : Read timed out
2017-04-24 18:50:32.105 ERROR 3970 --- [pool-2-thread-30] code.jtduan.crawler.IPCheck              : Read timed out
2017-04-24 18:50:32.197 ERROR 3970 --- [ThreadPoolTaskScheduler-2] code.jtduan.crawler.IPCheck              : connect timed out
2017-04-24 18:50:32.654 ERROR 3970 --- [ThreadPoolTaskScheduler-8] code.jtduan.crawler.IPCheck              : Read timed out
2017-04-24 18:50:33.212 ERROR 3970 --- [ThreadPoolTaskScheduler-5] code.jtduan.crawler.IPCheck              : Unexpected end of file from server
2017-04-24 18:51:23.095  WARN 3975 --- [main] .t.AbstractTemplateResolverConfiguration : Cannot find template location: classpath:/templates/ (please add some templates or check your Thymeleaf configuration)
2017-04-24 18:51:24.143 ERROR 3975 --- [pool-2-thread-9] code.jtduan.crawler.IPCheck              : http://www.baidu.com/s?wd=ip
2017-04-24 18:51:24.285 ERROR 3975 --- [pool-2-thread-8] code.jtduan.crawler.IPCheck              : http://www.baidu.com/s?wd=ip
2017-04-24 18:51:24.290 ERROR 3975 --- [pool-2-thread-6] code.jtduan.crawler.IPCheck              : http://www.baidu.com/s?wd=ip
2017-04-24 18:51:24.328 ERROR 3975 --- [pool-2-thread-12] code.jtduan.crawler.IPCheck              : http://www.baidu.com/s?wd=ip
2017-04-24 18:51:24.596  WARN 3975 --- [ThreadPoolTaskScheduler-15] c.j.crawler.proxypool.IPRegexCrawler     : 抓取到空内容http://superfastip.com/welcome/testRedis
2017-04-24 18:51:26.035 ERROR 3975 --- [pool-2-thread-26] code.jtduan.crawler.IPCheck              : Connection refused (Connection refused)
2017-04-24 18:51:30.113 ERROR 3975 --- [pool-2-thread-48] code.jtduan.crawler.IPCheck              : Server returned HTTP response code: 502 for URL: http://www.baidu.com/s?wd=ip
2017-04-24 18:51:30.914 ERROR 3975 --- [pool-2-thread-6] code.jtduan.crawler.IPCheck              : http://www.baidu.com/s?wd=ip
2017-04-24 18:51:32.547 ERROR 3975 --- [pool-2-thread-36] code.jtduan.crawler.IPCheck              : Unexpected end of file from server
2017-04-24 18:51:34.148 ERROR 3975 --- [pool-2-thread-1] code.jtduan.crawler.IPCheck              : Server returned HTTP response code: 502 for URL: http://www.baidu.com/s?wd=ip
2017-04-24 18:51:34.161 ERROR 3975 --- [pool-2-thread-39] code.jtduan.crawler.IPCheck              : connect timed out
2017-04-24 18:51:34.167 ERROR 3975 --- [pool-2-thread-33] code.jtduan.crawler.IPCheck              : connect timed out
2017-04-24 18:51:34.226 ERROR 3975 --- [pool-2-thread-2] code.jtduan.crawler.IPCheck              : Read timed out
2017-04-24 18:51:34.261 ERROR 3975 --- [pool-2-thread-3] code.jtduan.crawler.IPCheck              : Server returned HTTP response code: 503 for URL: http://www.baidu.com/s?wd=ip
2017-04-24 18:51:34.269 ERROR 3975 --- [pool-2-thread-4] code.jtduan.crawler.IPCheck              : Server returned HTTP response code: 400 for URL: http://www.baidu.com/s?wd=ip
2017-04-24 18:51:34.301 ERROR 3975 --- [ThreadPoolTaskScheduler-12] code.jtduan.crawler.IPCheck              : Server returned HTTP response code: 403 for URL: http://www.baidu.com/s?wd=ip
2017-04-24 18:51:35.451 ERROR 3975 --- [ThreadPoolTaskScheduler-6] code.jtduan.crawler.IPCheck              : connect timed out
2017-04-24 18:51:37.673 ERROR 3975 --- [pool-2-thread-31] code.jtduan.crawler.IPCheck              : connect timed out
2017-04-24 18:51:37.788 ERROR 3975 --- [pool-2-thread-25] code.jtduan.crawler.IPCheck              : Read timed out
2017-04-24 18:51:38.379 ERROR 3975 --- [ThreadPoolTaskScheduler-19] code.jtduan.crawler.IPCheck              : Read timed out
2017-04-24 18:51:38.619 ERROR 3975 --- [ThreadPoolTaskScheduler-20] code.jtduan.crawler.IPCheck              : Read timed out
2017-04-24 18:51:38.880 ERROR 3975 --- [pool-2-thread-49] code.jtduan.crawler.IPCheck              : connect timed out
2017-04-24 18:51:38.900 ERROR 3975 --- [pool-2-thread-49] code.jtduan.crawler.IPCheck              : Server returned HTTP response code: 503 for URL: http://www.baidu.com/s?wd=ip
2017-04-24 18:51:40.124 ERROR 3975 --- [pool-2-thread-28] code.jtduan.crawler.IPCheck              : Connection reset
2017-04-24 18:51:40.330 ERROR 3975 --- [pool-2-thread-48] code.jtduan.crawler.IPCheck              : Read timed out
2017-04-24 18:51:42.608 ERROR 3975 --- [pool-2-thread-36] code.jtduan.crawler.IPCheck              : Read timed out
2017-04-24 18:51:42.678 ERROR 3975 --- [ThreadPoolTaskScheduler-1] code.jtduan.crawler.IPCheck              : connect timed out
2017-04-24 18:51:43.711 ERROR 3975 --- [ThreadPoolTaskScheduler-3] code.jtduan.crawler.IPCheck              : Read timed out
2017-04-24 18:51:45.146 ERROR 3975 --- [pool-2-thread-16] code.jtduan.crawler.IPCheck              : Read timed out
2017-04-24 18:51:46.096 ERROR 3975 --- [pool-2-thread-34] code.jtduan.crawler.IPCheck              : Read timed out
2017-04-24 18:51:46.415 ERROR 3975 --- [pool-2-thread-24] code.jtduan.crawler.IPCheck              : Read timed out
2017-04-24 18:51:46.512 ERROR 3975 --- [pool-2-thread-2] code.jtduan.crawler.IPCheck              : Read timed out
2017-04-24 18:51:47.692 ERROR 3975 --- [pool-2-thread-13] code.jtduan.crawler.IPCheck              : Read timed out
2017-04-24 18:51:48.673 ERROR 3975 --- [pool-2-thread-37] code.jtduan.crawler.IPCheck              : connect timed out
2017-04-24 18:51:48.935 ERROR 3975 --- [pool-2-thread-27] code.jtduan.crawler.IPCheck              : Read timed out
2017-04-24 18:51:49.284 ERROR 3975 --- [pool-2-thread-43] code.jtduan.crawler.IPCheck              : Read timed out
2017-04-24 18:51:49.315 ERROR 3975 --- [pool-2-thread-3] code.jtduan.crawler.IPCheck              : Read timed out
2017-04-24 18:51:49.379 ERROR 3975 --- [pool-2-thread-19] code.jtduan.crawler.IPCheck              : Read timed out
2017-04-24 18:51:49.447 ERROR 3975 --- [pool-2-thread-49] code.jtduan.crawler.IPCheck              : Read timed out
2017-04-24 18:51:50.538 ERROR 3975 --- [ThreadPoolTaskScheduler-9] code.jtduan.crawler.IPCheck              : Unexpected end of file from server
2017-04-24 18:52:52.583  WARN 3979 --- [main] .t.AbstractTemplateResolverConfiguration : Cannot find template location: classpath:/templates/ (please add some templates or check your Thymeleaf configuration)
2017-04-24 18:52:54.101  WARN 3979 --- [ThreadPoolTaskScheduler-12] c.j.crawler.proxypool.IPRegexCrawler     : 抓取到空内容http://superfastip.com/welcome/testRedis
2017-04-24 18:53:54.728  WARN 3979 --- [ThreadPoolTaskScheduler-12] c.j.crawler.proxypool.IPRegexCrawler     : 抓取到空内容http://superfastip.com/welcome/testRedis
2017-04-24 18:54:55.265  WARN 3979 --- [ThreadPoolTaskScheduler-12] c.j.crawler.proxypool.IPRegexCrawler     : 抓取到空内容http://superfastip.com/welcome/testRedis
2017-04-24 18:55:01.734  WARN 3979 --- [ThreadPoolTaskScheduler-5] c.j.crawler.proxypool.IPRegexCrawler     : 抓取到空内容http://www.kuaidaili.com/free/intr/4
2017-04-24 18:55:01.746  WARN 3979 --- [ThreadPoolTaskScheduler-5] c.j.crawler.proxypool.IPRegexCrawler     : 抓取到空内容http://www.kuaidaili.com/free/inha/4
2017-04-24 18:55:01.757  WARN 3979 --- [ThreadPoolTaskScheduler-5] c.j.crawler.proxypool.IPRegexCrawler     : 抓取到空内容http://www.kuaidaili.com/free/intr/5
2017-04-24 18:55:01.768  WARN 3979 --- [ThreadPoolTaskScheduler-5] c.j.crawler.proxypool.IPRegexCrawler     : 抓取到空内容http://www.kuaidaili.com/free/inha/5
2017-04-24 18:58:39.483  WARN 3979 --- [ThreadPoolTaskScheduler-15] c.j.crawler.proxypool.IPRegexCrawler     : 抓取到空内容http://ip.zdaye.com/?ip=&port=808&adr=陕西&checktime=&sleep=&cunhuo=&nport=&nadr=&dengji=&https=&yys=&gb=&post=&px=
2017-04-24 19:23:04.016  WARN 3979 --- [ThreadPoolTaskScheduler-18] c.j.crawler.proxypool.IPRegexCrawler     : 抓取到空内容http://www.kuaidaili.com/free/inha/1
2017-04-24 19:23:04.025  WARN 3979 --- [ThreadPoolTaskScheduler-18] c.j.crawler.proxypool.IPRegexCrawler     : 抓取到空内容http://www.kuaidaili.com/free/intr/2
2017-04-24 19:23:04.034  WARN 3979 --- [ThreadPoolTaskScheduler-18] c.j.crawler.proxypool.IPRegexCrawler     : 抓取到空内容http://www.kuaidaili.com/free/inha/2
2017-04-24 19:23:04.048  WARN 3979 --- [ThreadPoolTaskScheduler-18] c.j.crawler.proxypool.IPRegexCrawler     : 抓取到空内容http://www.kuaidaili.com/free/intr/3
2017-04-24 19:23:04.072  WARN 3979 --- [ThreadPoolTaskScheduler-18] c.j.crawler.proxypool.IPRegexCrawler     : 抓取到空内容http://www.kuaidaili.com/free/inha/3
2017-04-24 19:23:04.095  WARN 3979 --- [ThreadPoolTaskScheduler-18] c.j.crawler.proxypool.IPRegexCrawler     : 抓取到空内容http://www.kuaidaili.com/free/intr/4
2017-04-24 19:23:04.104  WARN 3979 --- [ThreadPoolTaskScheduler-18] c.j.crawler.proxypool.IPRegexCrawler     : 抓取到空内容http://www.kuaidaili.com/free/inha/4
2017-04-24 19:23:04.112  WARN 3979 --- [ThreadPoolTaskScheduler-18] c.j.crawler.proxypool.IPRegexCrawler     : 抓取到空内容http://www.kuaidaili.com/free/intr/5
2017-04-24 19:23:04.120  WARN 3979 --- [ThreadPoolTaskScheduler-18] c.j.crawler.proxypool.IPRegexCrawler     : 抓取到空内容http://www.kuaidaili.com/free/inha/5
2017-04-24 19:34:15.157  WARN 4041 --- [main] .t.AbstractTemplateResolverConfiguration : Cannot find template location: classpath:/templates/ (please add some templates or check your Thymeleaf configuration)
2017-04-24 19:34:45.786 ERROR 4041 --- [http-nio-20008-exec-1] o.a.c.c.C.[.[.[/].[dispatcherServlet]    : Servlet.service() for servlet [dispatcherServlet] in context with path [] threw exception [Request processing failed; nested exception is org.springframework.dao.InvalidDataAccessApiUsageException: Parameter with that position [1] did not exist; nested exception is java.lang.IllegalArgumentException: Parameter with that position [1] did not exist] with root cause

java.lang.IllegalArgumentException: Parameter with that position [1] did not exist
	at org.hibernate.jpa.spi.BaseQueryImpl.findParameterRegistration(BaseQueryImpl.java:502) ~[hibernate-entitymanager-5.0.12.Final.jar:5.0.12.Final]
	at org.hibernate.jpa.spi.BaseQueryImpl.setParameter(BaseQueryImpl.java:692) ~[hibernate-entitymanager-5.0.12.Final.jar:5.0.12.Final]
	at org.hibernate.jpa.spi.AbstractQueryImpl.setParameter(AbstractQueryImpl.java:181) ~[hibernate-entitymanager-5.0.12.Final.jar:5.0.12.Final]
	at org.hibernate.jpa.spi.AbstractQueryImpl.setParameter(AbstractQueryImpl.java:32) ~[hibernate-entitymanager-5.0.12.Final.jar:5.0.12.Final]
	at org.springframework.data.jpa.repository.query.ParameterBinder.bind(ParameterBinder.java:141) ~[spring-data-jpa-1.11.3.RELEASE.jar:na]
	at org.springframework.data.jpa.repository.query.StringQueryParameterBinder.bind(StringQueryParameterBinder.java:61) ~[spring-data-jpa-1.11.3.RELEASE.jar:na]
	at org.springframework.data.jpa.repository.query.ParameterBinder.bind(ParameterBinder.java:101) ~[spring-data-jpa-1.11.3.RELEASE.jar:na]
	at org.springframework.data.jpa.repository.query.SpelExpressionStringQueryParameterBinder.bind(SpelExpressionStringQueryParameterBinder.java:69) ~[spring-data-jpa-1.11.3.RELEASE.jar:na]
	at org.springframework.data.jpa.repository.query.ParameterBinder.bindAndPrepare(ParameterBinder.java:161) ~[spring-data-jpa-1.11.3.RELEASE.jar:na]
	at org.springframework.data.jpa.repository.query.ParameterBinder.bindAndPrepare(ParameterBinder.java:152) ~[spring-data-jpa-1.11.3.RELEASE.jar:na]
	at org.springframework.data.jpa.repository.query.AbstractStringBasedJpaQuery.doCreateQuery(AbstractStringBasedJpaQuery.java:81) ~[spring-data-jpa-1.11.3.RELEASE.jar:na]
	at org.springframework.data.jpa.repository.query.AbstractJpaQuery.createQuery(AbstractJpaQuery.java:190) ~[spring-data-jpa-1.11.3.RELEASE.jar:na]
	at org.springframework.data.jpa.repository.query.JpaQueryExecution$CollectionExecution.doExecute(JpaQueryExecution.java:121) ~[spring-data-jpa-1.11.3.RELEASE.jar:na]
	at org.springframework.data.jpa.repository.query.JpaQueryExecution.execute(JpaQueryExecution.java:85) ~[spring-data-jpa-1.11.3.RELEASE.jar:na]
	at org.springframework.data.jpa.repository.query.AbstractJpaQuery.doExecute(AbstractJpaQuery.java:116) ~[spring-data-jpa-1.11.3.RELEASE.jar:na]
	at org.springframework.data.jpa.repository.query.AbstractJpaQuery.execute(AbstractJpaQuery.java:106) ~[spring-data-jpa-1.11.3.RELEASE.jar:na]
	at org.springframework.data.repository.core.support.RepositoryFactorySupport$QueryExecutorMethodInterceptor.doInvoke(RepositoryFactorySupport.java:483) ~[spring-data-commons-1.13.3.RELEASE.jar:na]
	at org.springframework.data.repository.core.support.RepositoryFactorySupport$QueryExecutorMethodInterceptor.invoke(RepositoryFactorySupport.java:461) ~[spring-data-commons-1.13.3.RELEASE.jar:na]
	at org.springframework.aop.framework.ReflectiveMethodInvocation.proceed(ReflectiveMethodInvocation.java:179) ~[spring-aop-4.3.8.RELEASE.jar:4.3.8.RELEASE]
	at org.springframework.data.projection.DefaultMethodInvokingMethodInterceptor.invoke(DefaultMethodInvokingMethodInterceptor.java:61) ~[spring-data-commons-1.13.3.RELEASE.jar:na]
	at org.springframework.aop.framework.ReflectiveMethodInvocation.proceed(ReflectiveMethodInvocation.java:179) ~[spring-aop-4.3.8.RELEASE.jar:4.3.8.RELEASE]
	at org.springframework.transaction.interceptor.TransactionInterceptor$1.proceedWithInvocation(TransactionInterceptor.java:99) ~[spring-tx-4.3.8.RELEASE.jar:4.3.8.RELEASE]
	at org.springframework.transaction.interceptor.TransactionAspectSupport.invokeWithinTransaction(TransactionAspectSupport.java:282) ~[spring-tx-4.3.8.RELEASE.jar:4.3.8.RELEASE]
	at org.springframework.transaction.interceptor.TransactionInterceptor.invoke(TransactionInterceptor.java:96) ~[spring-tx-4.3.8.RELEASE.jar:4.3.8.RELEASE]
	at org.springframework.aop.framework.ReflectiveMethodInvocation.proceed(ReflectiveMethodInvocation.java:179) ~[spring-aop-4.3.8.RELEASE.jar:4.3.8.RELEASE]
	at org.springframework.dao.support.PersistenceExceptionTranslationInterceptor.invoke(PersistenceExceptionTranslationInterceptor.java:136) ~[spring-tx-4.3.8.RELEASE.jar:4.3.8.RELEASE]
	at org.springframework.aop.framework.ReflectiveMethodInvocation.proceed(ReflectiveMethodInvocation.java:179) ~[spring-aop-4.3.8.RELEASE.jar:4.3.8.RELEASE]
	at org.springframework.data.jpa.repository.support.CrudMethodMetadataPostProcessor$CrudMethodMetadataPopulatingMethodInterceptor.invoke(CrudMethodMetadataPostProcessor.java:133) ~[spring-data-jpa-1.11.3.RELEASE.jar:na]
	at org.springframework.aop.framework.ReflectiveMethodInvocation.proceed(ReflectiveMethodInvocation.java:179) ~[spring-aop-4.3.8.RELEASE.jar:4.3.8.RELEASE]
	at org.springframework.aop.interceptor.ExposeInvocationInterceptor.invoke(ExposeInvocationInterceptor.java:92) ~[spring-aop-4.3.8.RELEASE.jar:4.3.8.RELEASE]
	at org.springframework.aop.framework.ReflectiveMethodInvocation.proceed(ReflectiveMethodInvocation.java:179) ~[spring-aop-4.3.8.RELEASE.jar:4.3.8.RELEASE]
	at org.springframework.data.repository.core.support.SurroundingTransactionDetectorMethodInterceptor.invoke(SurroundingTransactionDetectorMethodInterceptor.java:57) ~[spring-data-commons-1.13.3.RELEASE.jar:na]
	at org.springframework.aop.framework.ReflectiveMethodInvocation.proceed(ReflectiveMethodInvocation.java:179) ~[spring-aop-4.3.8.RELEASE.jar:4.3.8.RELEASE]
	at org.springframework.aop.framework.JdkDynamicAopProxy.invoke(JdkDynamicAopProxy.java:213) ~[spring-aop-4.3.8.RELEASE.jar:4.3.8.RELEASE]
	at com.sun.proxy.$Proxy78.findByCity(Unknown Source) ~[na:na]
	at code.jtduan.service.IPService.selectIpByCity(IPService.java:43) ~[classes/:na]
	at code.jtduan.controller.IPController.getnoIp2(IPController.java:52) ~[classes/:na]
	at sun.reflect.NativeMethodAccessorImpl.invoke0(Native Method) ~[na:1.8.0_121]
	at sun.reflect.NativeMethodAccessorImpl.invoke(NativeMethodAccessorImpl.java:62) ~[na:1.8.0_121]
	at sun.reflect.DelegatingMethodAccessorImpl.invoke(DelegatingMethodAccessorImpl.java:43) ~[na:1.8.0_121]
	at java.lang.reflect.Method.invoke(Method.java:498) ~[na:1.8.0_121]
	at org.springframework.web.method.support.InvocableHandlerMethod.doInvoke(InvocableHandlerMethod.java:205) ~[spring-web-4.3.8.RELEASE.jar:4.3.8.RELEASE]
	at org.springframework.web.method.support.InvocableHandlerMethod.invokeForRequest(InvocableHandlerMethod.java:133) ~[spring-web-4.3.8.RELEASE.jar:4.3.8.RELEASE]
	at org.springframework.web.servlet.mvc.method.annotation.ServletInvocableHandlerMethod.invokeAndHandle(ServletInvocableHandlerMethod.java:97) ~[spring-webmvc-4.3.8.RELEASE.jar:4.3.8.RELEASE]
	at org.springframework.web.servlet.mvc.method.annotation.RequestMappingHandlerAdapter.invokeHandlerMethod(RequestMappingHandlerAdapter.java:827) ~[spring-webmvc-4.3.8.RELEASE.jar:4.3.8.RELEASE]
	at org.springframework.web.servlet.mvc.method.annotation.RequestMappingHandlerAdapter.handleInternal(RequestMappingHandlerAdapter.java:738) ~[spring-webmvc-4.3.8.RELEASE.jar:4.3.8.RELEASE]
	at org.springframework.web.servlet.mvc.method.AbstractHandlerMethodAdapter.handle(AbstractHandlerMethodAdapter.java:85) ~[spring-webmvc-4.3.8.RELEASE.jar:4.3.8.RELEASE]
	at org.springframework.web.servlet.DispatcherServlet.doDispatch(DispatcherServlet.java:963) ~[spring-webmvc-4.3.8.RELEASE.jar:4.3.8.RELEASE]
	at org.springframework.web.servlet.DispatcherServlet.doService(DispatcherServlet.java:897) ~[spring-webmvc-4.3.8.RELEASE.jar:4.3.8.RELEASE]
	at org.springframework.web.servlet.FrameworkServlet.processRequest(FrameworkServlet.java:970) ~[spring-webmvc-4.3.8.RELEASE.jar:4.3.8.RELEASE]
	at org.springframework.web.servlet.FrameworkServlet.doGet(FrameworkServlet.java:861) ~[spring-webmvc-4.3.8.RELEASE.jar:4.3.8.RELEASE]
	at javax.servlet.http.HttpServlet.service(HttpServlet.java:635) ~[tomcat-embed-core-8.5.14.jar:8.5.14]
	at org.springframework.web.servlet.FrameworkServlet.service(FrameworkServlet.java:846) ~[spring-webmvc-4.3.8.RELEASE.jar:4.3.8.RELEASE]
	at javax.servlet.http.HttpServlet.service(HttpServlet.java:742) ~[tomcat-embed-core-8.5.14.jar:8.5.14]
	at org.apache.catalina.core.ApplicationFilterChain.internalDoFilter(ApplicationFilterChain.java:231) ~[tomcat-embed-core-8.5.14.jar:8.5.14]
	at org.apache.catalina.core.ApplicationFilterChain.doFilter(ApplicationFilterChain.java:166) ~[tomcat-embed-core-8.5.14.jar:8.5.14]
	at org.apache.tomcat.websocket.server.WsFilter.doFilter(WsFilter.java:52) ~[tomcat-embed-websocket-8.5.14.jar:8.5.14]
	at org.apache.catalina.core.ApplicationFilterChain.internalDoFilter(ApplicationFilterChain.java:193) ~[tomcat-embed-core-8.5.14.jar:8.5.14]
	at org.apache.catalina.core.ApplicationFilterChain.doFilter(ApplicationFilterChain.java:166) ~[tomcat-embed-core-8.5.14.jar:8.5.14]
	at org.springframework.web.filter.RequestContextFilter.doFilterInternal(RequestContextFilter.java:99) ~[spring-web-4.3.8.RELEASE.jar:4.3.8.RELEASE]
	at org.springframework.web.filter.OncePerRequestFilter.doFilter(OncePerRequestFilter.java:107) ~[spring-web-4.3.8.RELEASE.jar:4.3.8.RELEASE]
	at org.apache.catalina.core.ApplicationFilterChain.internalDoFilter(ApplicationFilterChain.java:193) ~[tomcat-embed-core-8.5.14.jar:8.5.14]
	at org.apache.catalina.core.ApplicationFilterChain.doFilter(ApplicationFilterChain.java:166) ~[tomcat-embed-core-8.5.14.jar:8.5.14]
	at org.springframework.web.filter.HttpPutFormContentFilter.doFilterInternal(HttpPutFormContentFilter.java:105) ~[spring-web-4.3.8.RELEASE.jar:4.3.8.RELEASE]
	at org.springframework.web.filter.OncePerRequestFilter.doFilter(OncePerRequestFilter.java:107) ~[spring-web-4.3.8.RELEASE.jar:4.3.8.RELEASE]
	at org.apache.catalina.core.ApplicationFilterChain.internalDoFilter(ApplicationFilterChain.java:193) ~[tomcat-embed-core-8.5.14.jar:8.5.14]
	at org.apache.catalina.core.ApplicationFilterChain.doFilter(ApplicationFilterChain.java:166) ~[tomcat-embed-core-8.5.14.jar:8.5.14]
	at org.springframework.web.filter.HiddenHttpMethodFilter.doFilterInternal(HiddenHttpMethodFilter.java:81) ~[spring-web-4.3.8.RELEASE.jar:4.3.8.RELEASE]
	at org.springframework.web.filter.OncePerRequestFilter.doFilter(OncePerRequestFilter.java:107) ~[spring-web-4.3.8.RELEASE.jar:4.3.8.RELEASE]
	at org.apache.catalina.core.ApplicationFilterChain.internalDoFilter(ApplicationFilterChain.java:193) ~[tomcat-embed-core-8.5.14.jar:8.5.14]
	at org.apache.catalina.core.ApplicationFilterChain.doFilter(ApplicationFilterChain.java:166) ~[tomcat-embed-core-8.5.14.jar:8.5.14]
	at org.springframework.web.filter.CharacterEncodingFilter.doFilterInternal(CharacterEncodingFilter.java:197) ~[spring-web-4.3.8.RELEASE.jar:4.3.8.RELEASE]
	at org.springframework.web.filter.OncePerRequestFilter.doFilter(OncePerRequestFilter.java:107) ~[spring-web-4.3.8.RELEASE.jar:4.3.8.RELEASE]
	at org.apache.catalina.core.ApplicationFilterChain.internalDoFilter(ApplicationFilterChain.java:193) ~[tomcat-embed-core-8.5.14.jar:8.5.14]
	at org.apache.catalina.core.ApplicationFilterChain.doFilter(ApplicationFilterChain.java:166) ~[tomcat-embed-core-8.5.14.jar:8.5.14]
	at org.apache.catalina.core.StandardWrapperValve.invoke(StandardWrapperValve.java:198) ~[tomcat-embed-core-8.5.14.jar:8.5.14]
	at org.apache.catalina.core.StandardContextValve.invoke(StandardContextValve.java:96) [tomcat-embed-core-8.5.14.jar:8.5.14]
	at org.apache.catalina.authenticator.AuthenticatorBase.invoke(AuthenticatorBase.java:478) [tomcat-embed-core-8.5.14.jar:8.5.14]
	at org.apache.catalina.core.StandardHostValve.invoke(StandardHostValve.java:140) [tomcat-embed-core-8.5.14.jar:8.5.14]
	at org.apache.catalina.valves.ErrorReportValve.invoke(ErrorReportValve.java:80) [tomcat-embed-core-8.5.14.jar:8.5.14]
	at org.apache.catalina.core.StandardEngineValve.invoke(StandardEngineValve.java:87) [tomcat-embed-core-8.5.14.jar:8.5.14]
	at org.apache.catalina.connector.CoyoteAdapter.service(CoyoteAdapter.java:342) [tomcat-embed-core-8.5.14.jar:8.5.14]
	at org.apache.coyote.http11.Http11Processor.service(Http11Processor.java:799) [tomcat-embed-core-8.5.14.jar:8.5.14]
	at org.apache.coyote.AbstractProcessorLight.process(AbstractProcessorLight.java:66) [tomcat-embed-core-8.5.14.jar:8.5.14]
	at org.apache.coyote.AbstractProtocol$ConnectionHandler.process(AbstractProtocol.java:861) [tomcat-embed-core-8.5.14.jar:8.5.14]
	at org.apache.tomcat.util.net.NioEndpoint$SocketProcessor.doRun(NioEndpoint.java:1455) [tomcat-embed-core-8.5.14.jar:8.5.14]
	at org.apache.tomcat.util.net.SocketProcessorBase.run(SocketProcessorBase.java:49) [tomcat-embed-core-8.5.14.jar:8.5.14]
	at java.util.concurrent.ThreadPoolExecutor.runWorker(ThreadPoolExecutor.java:1142) [na:1.8.0_121]
	at java.util.concurrent.ThreadPoolExecutor$Worker.run(ThreadPoolExecutor.java:617) [na:1.8.0_121]
	at org.apache.tomcat.util.threads.TaskThread$WrappingRunnable.run(TaskThread.java:61) [tomcat-embed-core-8.5.14.jar:8.5.14]
	at java.lang.Thread.run(Thread.java:745) [na:1.8.0_121]

2017-04-24 19:37:06.364  WARN 4057 --- [main] .t.AbstractTemplateResolverConfiguration : Cannot find template location: classpath:/templates/ (please add some templates or check your Thymeleaf configuration)
2017-04-24 19:37:31.007 ERROR 4057 --- [http-nio-20008-exec-1] o.a.c.c.C.[.[.[/].[dispatcherServlet]    : Servlet.service() for servlet [dispatcherServlet] in context with path [] threw exception [Request processing failed; nested exception is org.springframework.dao.InvalidDataAccessApiUsageException: Parameter with that position [1] did not exist; nested exception is java.lang.IllegalArgumentException: Parameter with that position [1] did not exist] with root cause

java.lang.IllegalArgumentException: Parameter with that position [1] did not exist
	at org.hibernate.jpa.spi.BaseQueryImpl.findParameterRegistration(BaseQueryImpl.java:502) ~[hibernate-entitymanager-5.0.12.Final.jar:5.0.12.Final]
	at org.hibernate.jpa.spi.BaseQueryImpl.setParameter(BaseQueryImpl.java:692) ~[hibernate-entitymanager-5.0.12.Final.jar:5.0.12.Final]
	at org.hibernate.jpa.spi.AbstractQueryImpl.setParameter(AbstractQueryImpl.java:181) ~[hibernate-entitymanager-5.0.12.Final.jar:5.0.12.Final]
	at org.hibernate.jpa.spi.AbstractQueryImpl.setParameter(AbstractQueryImpl.java:32) ~[hibernate-entitymanager-5.0.12.Final.jar:5.0.12.Final]
	at org.springframework.data.jpa.repository.query.ParameterBinder.bind(ParameterBinder.java:141) ~[spring-data-jpa-1.11.3.RELEASE.jar:na]
	at org.springframework.data.jpa.repository.query.StringQueryParameterBinder.bind(StringQueryParameterBinder.java:61) ~[spring-data-jpa-1.11.3.RELEASE.jar:na]
	at org.springframework.data.jpa.repository.query.ParameterBinder.bind(ParameterBinder.java:101) ~[spring-data-jpa-1.11.3.RELEASE.jar:na]
	at org.springframework.data.jpa.repository.query.SpelExpressionStringQueryParameterBinder.bind(SpelExpressionStringQueryParameterBinder.java:69) ~[spring-data-jpa-1.11.3.RELEASE.jar:na]
	at org.springframework.data.jpa.repository.query.ParameterBinder.bindAndPrepare(ParameterBinder.java:161) ~[spring-data-jpa-1.11.3.RELEASE.jar:na]
	at org.springframework.data.jpa.repository.query.ParameterBinder.bindAndPrepare(ParameterBinder.java:152) ~[spring-data-jpa-1.11.3.RELEASE.jar:na]
	at org.springframework.data.jpa.repository.query.AbstractStringBasedJpaQuery.doCreateQuery(AbstractStringBasedJpaQuery.java:81) ~[spring-data-jpa-1.11.3.RELEASE.jar:na]
	at org.springframework.data.jpa.repository.query.AbstractJpaQuery.createQuery(AbstractJpaQuery.java:190) ~[spring-data-jpa-1.11.3.RELEASE.jar:na]
	at org.springframework.data.jpa.repository.query.JpaQueryExecution$CollectionExecution.doExecute(JpaQueryExecution.java:121) ~[spring-data-jpa-1.11.3.RELEASE.jar:na]
	at org.springframework.data.jpa.repository.query.JpaQueryExecution.execute(JpaQueryExecution.java:85) ~[spring-data-jpa-1.11.3.RELEASE.jar:na]
	at org.springframework.data.jpa.repository.query.AbstractJpaQuery.doExecute(AbstractJpaQuery.java:116) ~[spring-data-jpa-1.11.3.RELEASE.jar:na]
	at org.springframework.data.jpa.repository.query.AbstractJpaQuery.execute(AbstractJpaQuery.java:106) ~[spring-data-jpa-1.11.3.RELEASE.jar:na]
	at org.springframework.data.repository.core.support.RepositoryFactorySupport$QueryExecutorMethodInterceptor.doInvoke(RepositoryFactorySupport.java:483) ~[spring-data-commons-1.13.3.RELEASE.jar:na]
	at org.springframework.data.repository.core.support.RepositoryFactorySupport$QueryExecutorMethodInterceptor.invoke(RepositoryFactorySupport.java:461) ~[spring-data-commons-1.13.3.RELEASE.jar:na]
	at org.springframework.aop.framework.ReflectiveMethodInvocation.proceed(ReflectiveMethodInvocation.java:179) ~[spring-aop-4.3.8.RELEASE.jar:4.3.8.RELEASE]
	at org.springframework.data.projection.DefaultMethodInvokingMethodInterceptor.invoke(DefaultMethodInvokingMethodInterceptor.java:61) ~[spring-data-commons-1.13.3.RELEASE.jar:na]
	at org.springframework.aop.framework.ReflectiveMethodInvocation.proceed(ReflectiveMethodInvocation.java:179) ~[spring-aop-4.3.8.RELEASE.jar:4.3.8.RELEASE]
	at org.springframework.transaction.interceptor.TransactionInterceptor$1.proceedWithInvocation(TransactionInterceptor.java:99) ~[spring-tx-4.3.8.RELEASE.jar:4.3.8.RELEASE]
	at org.springframework.transaction.interceptor.TransactionAspectSupport.invokeWithinTransaction(TransactionAspectSupport.java:282) ~[spring-tx-4.3.8.RELEASE.jar:4.3.8.RELEASE]
	at org.springframework.transaction.interceptor.TransactionInterceptor.invoke(TransactionInterceptor.java:96) ~[spring-tx-4.3.8.RELEASE.jar:4.3.8.RELEASE]
	at org.springframework.aop.framework.ReflectiveMethodInvocation.proceed(ReflectiveMethodInvocation.java:179) ~[spring-aop-4.3.8.RELEASE.jar:4.3.8.RELEASE]
	at org.springframework.dao.support.PersistenceExceptionTranslationInterceptor.invoke(PersistenceExceptionTranslationInterceptor.java:136) ~[spring-tx-4.3.8.RELEASE.jar:4.3.8.RELEASE]
	at org.springframework.aop.framework.ReflectiveMethodInvocation.proceed(ReflectiveMethodInvocation.java:179) ~[spring-aop-4.3.8.RELEASE.jar:4.3.8.RELEASE]
	at org.springframework.data.jpa.repository.support.CrudMethodMetadataPostProcessor$CrudMethodMetadataPopulatingMethodInterceptor.invoke(CrudMethodMetadataPostProcessor.java:133) ~[spring-data-jpa-1.11.3.RELEASE.jar:na]
	at org.springframework.aop.framework.ReflectiveMethodInvocation.proceed(ReflectiveMethodInvocation.java:179) ~[spring-aop-4.3.8.RELEASE.jar:4.3.8.RELEASE]
	at org.springframework.aop.interceptor.ExposeInvocationInterceptor.invoke(ExposeInvocationInterceptor.java:92) ~[spring-aop-4.3.8.RELEASE.jar:4.3.8.RELEASE]
	at org.springframework.aop.framework.ReflectiveMethodInvocation.proceed(ReflectiveMethodInvocation.java:179) ~[spring-aop-4.3.8.RELEASE.jar:4.3.8.RELEASE]
	at org.springframework.data.repository.core.support.SurroundingTransactionDetectorMethodInterceptor.invoke(SurroundingTransactionDetectorMethodInterceptor.java:57) ~[spring-data-commons-1.13.3.RELEASE.jar:na]
	at org.springframework.aop.framework.ReflectiveMethodInvocation.proceed(ReflectiveMethodInvocation.java:179) ~[spring-aop-4.3.8.RELEASE.jar:4.3.8.RELEASE]
	at org.springframework.aop.framework.JdkDynamicAopProxy.invoke(JdkDynamicAopProxy.java:213) ~[spring-aop-4.3.8.RELEASE.jar:4.3.8.RELEASE]
	at com.sun.proxy.$Proxy79.findByCity(Unknown Source) ~[na:na]
	at code.jtduan.service.IPService.selectIpByCity(IPService.java:43) ~[classes/:na]
	at code.jtduan.controller.IPController.getnoIp2(IPController.java:52) ~[classes/:na]
	at sun.reflect.NativeMethodAccessorImpl.invoke0(Native Method) ~[na:1.8.0_121]
	at sun.reflect.NativeMethodAccessorImpl.invoke(NativeMethodAccessorImpl.java:62) ~[na:1.8.0_121]
	at sun.reflect.DelegatingMethodAccessorImpl.invoke(DelegatingMethodAccessorImpl.java:43) ~[na:1.8.0_121]
	at java.lang.reflect.Method.invoke(Method.java:498) ~[na:1.8.0_121]
	at org.springframework.web.method.support.InvocableHandlerMethod.doInvoke(InvocableHandlerMethod.java:205) ~[spring-web-4.3.8.RELEASE.jar:4.3.8.RELEASE]
	at org.springframework.web.method.support.InvocableHandlerMethod.invokeForRequest(InvocableHandlerMethod.java:133) ~[spring-web-4.3.8.RELEASE.jar:4.3.8.RELEASE]
	at org.springframework.web.servlet.mvc.method.annotation.ServletInvocableHandlerMethod.invokeAndHandle(ServletInvocableHandlerMethod.java:97) ~[spring-webmvc-4.3.8.RELEASE.jar:4.3.8.RELEASE]
	at org.springframework.web.servlet.mvc.method.annotation.RequestMappingHandlerAdapter.invokeHandlerMethod(RequestMappingHandlerAdapter.java:827) ~[spring-webmvc-4.3.8.RELEASE.jar:4.3.8.RELEASE]
	at org.springframework.web.servlet.mvc.method.annotation.RequestMappingHandlerAdapter.handleInternal(RequestMappingHandlerAdapter.java:738) ~[spring-webmvc-4.3.8.RELEASE.jar:4.3.8.RELEASE]
	at org.springframework.web.servlet.mvc.method.AbstractHandlerMethodAdapter.handle(AbstractHandlerMethodAdapter.java:85) ~[spring-webmvc-4.3.8.RELEASE.jar:4.3.8.RELEASE]
	at org.springframework.web.servlet.DispatcherServlet.doDispatch(DispatcherServlet.java:963) ~[spring-webmvc-4.3.8.RELEASE.jar:4.3.8.RELEASE]
	at org.springframework.web.servlet.DispatcherServlet.doService(DispatcherServlet.java:897) ~[spring-webmvc-4.3.8.RELEASE.jar:4.3.8.RELEASE]
	at org.springframework.web.servlet.FrameworkServlet.processRequest(FrameworkServlet.java:970) ~[spring-webmvc-4.3.8.RELEASE.jar:4.3.8.RELEASE]
	at org.springframework.web.servlet.FrameworkServlet.doGet(FrameworkServlet.java:861) ~[spring-webmvc-4.3.8.RELEASE.jar:4.3.8.RELEASE]
	at javax.servlet.http.HttpServlet.service(HttpServlet.java:635) ~[tomcat-embed-core-8.5.14.jar:8.5.14]
	at org.springframework.web.servlet.FrameworkServlet.service(FrameworkServlet.java:846) ~[spring-webmvc-4.3.8.RELEASE.jar:4.3.8.RELEASE]
	at javax.servlet.http.HttpServlet.service(HttpServlet.java:742) ~[tomcat-embed-core-8.5.14.jar:8.5.14]
	at org.apache.catalina.core.ApplicationFilterChain.internalDoFilter(ApplicationFilterChain.java:231) ~[tomcat-embed-core-8.5.14.jar:8.5.14]
	at org.apache.catalina.core.ApplicationFilterChain.doFilter(ApplicationFilterChain.java:166) ~[tomcat-embed-core-8.5.14.jar:8.5.14]
	at org.apache.tomcat.websocket.server.WsFilter.doFilter(WsFilter.java:52) ~[tomcat-embed-websocket-8.5.14.jar:8.5.14]
	at org.apache.catalina.core.ApplicationFilterChain.internalDoFilter(ApplicationFilterChain.java:193) ~[tomcat-embed-core-8.5.14.jar:8.5.14]
	at org.apache.catalina.core.ApplicationFilterChain.doFilter(ApplicationFilterChain.java:166) ~[tomcat-embed-core-8.5.14.jar:8.5.14]
	at org.springframework.web.filter.RequestContextFilter.doFilterInternal(RequestContextFilter.java:99) ~[spring-web-4.3.8.RELEASE.jar:4.3.8.RELEASE]
	at org.springframework.web.filter.OncePerRequestFilter.doFilter(OncePerRequestFilter.java:107) ~[spring-web-4.3.8.RELEASE.jar:4.3.8.RELEASE]
	at org.apache.catalina.core.ApplicationFilterChain.internalDoFilter(ApplicationFilterChain.java:193) ~[tomcat-embed-core-8.5.14.jar:8.5.14]
	at org.apache.catalina.core.ApplicationFilterChain.doFilter(ApplicationFilterChain.java:166) ~[tomcat-embed-core-8.5.14.jar:8.5.14]
	at org.springframework.web.filter.HttpPutFormContentFilter.doFilterInternal(HttpPutFormContentFilter.java:105) ~[spring-web-4.3.8.RELEASE.jar:4.3.8.RELEASE]
	at org.springframework.web.filter.OncePerRequestFilter.doFilter(OncePerRequestFilter.java:107) ~[spring-web-4.3.8.RELEASE.jar:4.3.8.RELEASE]
	at org.apache.catalina.core.ApplicationFilterChain.internalDoFilter(ApplicationFilterChain.java:193) ~[tomcat-embed-core-8.5.14.jar:8.5.14]
	at org.apache.catalina.core.ApplicationFilterChain.doFilter(ApplicationFilterChain.java:166) ~[tomcat-embed-core-8.5.14.jar:8.5.14]
	at org.springframework.web.filter.HiddenHttpMethodFilter.doFilterInternal(HiddenHttpMethodFilter.java:81) ~[spring-web-4.3.8.RELEASE.jar:4.3.8.RELEASE]
	at org.springframework.web.filter.OncePerRequestFilter.doFilter(OncePerRequestFilter.java:107) ~[spring-web-4.3.8.RELEASE.jar:4.3.8.RELEASE]
	at org.apache.catalina.core.ApplicationFilterChain.internalDoFilter(ApplicationFilterChain.java:193) ~[tomcat-embed-core-8.5.14.jar:8.5.14]
	at org.apache.catalina.core.ApplicationFilterChain.doFilter(ApplicationFilterChain.java:166) ~[tomcat-embed-core-8.5.14.jar:8.5.14]
	at org.springframework.web.filter.CharacterEncodingFilter.doFilterInternal(CharacterEncodingFilter.java:197) ~[spring-web-4.3.8.RELEASE.jar:4.3.8.RELEASE]
	at org.springframework.web.filter.OncePerRequestFilter.doFilter(OncePerRequestFilter.java:107) ~[spring-web-4.3.8.RELEASE.jar:4.3.8.RELEASE]
	at org.apache.catalina.core.ApplicationFilterChain.internalDoFilter(ApplicationFilterChain.java:193) ~[tomcat-embed-core-8.5.14.jar:8.5.14]
	at org.apache.catalina.core.ApplicationFilterChain.doFilter(ApplicationFilterChain.java:166) ~[tomcat-embed-core-8.5.14.jar:8.5.14]
	at org.apache.catalina.core.StandardWrapperValve.invoke(StandardWrapperValve.java:198) ~[tomcat-embed-core-8.5.14.jar:8.5.14]
	at org.apache.catalina.core.StandardContextValve.invoke(StandardContextValve.java:96) [tomcat-embed-core-8.5.14.jar:8.5.14]
	at org.apache.catalina.authenticator.AuthenticatorBase.invoke(AuthenticatorBase.java:478) [tomcat-embed-core-8.5.14.jar:8.5.14]
	at org.apache.catalina.core.StandardHostValve.invoke(StandardHostValve.java:140) [tomcat-embed-core-8.5.14.jar:8.5.14]
	at org.apache.catalina.valves.ErrorReportValve.invoke(ErrorReportValve.java:80) [tomcat-embed-core-8.5.14.jar:8.5.14]
	at org.apache.catalina.core.StandardEngineValve.invoke(StandardEngineValve.java:87) [tomcat-embed-core-8.5.14.jar:8.5.14]
	at org.apache.catalina.connector.CoyoteAdapter.service(CoyoteAdapter.java:342) [tomcat-embed-core-8.5.14.jar:8.5.14]
	at org.apache.coyote.http11.Http11Processor.service(Http11Processor.java:799) [tomcat-embed-core-8.5.14.jar:8.5.14]
	at org.apache.coyote.AbstractProcessorLight.process(AbstractProcessorLight.java:66) [tomcat-embed-core-8.5.14.jar:8.5.14]
	at org.apache.coyote.AbstractProtocol$ConnectionHandler.process(AbstractProtocol.java:861) [tomcat-embed-core-8.5.14.jar:8.5.14]
	at org.apache.tomcat.util.net.NioEndpoint$SocketProcessor.doRun(NioEndpoint.java:1455) [tomcat-embed-core-8.5.14.jar:8.5.14]
	at org.apache.tomcat.util.net.SocketProcessorBase.run(SocketProcessorBase.java:49) [tomcat-embed-core-8.5.14.jar:8.5.14]
	at java.util.concurrent.ThreadPoolExecutor.runWorker(ThreadPoolExecutor.java:1142) [na:1.8.0_121]
	at java.util.concurrent.ThreadPoolExecutor$Worker.run(ThreadPoolExecutor.java:617) [na:1.8.0_121]
	at org.apache.tomcat.util.threads.TaskThread$WrappingRunnable.run(TaskThread.java:61) [tomcat-embed-core-8.5.14.jar:8.5.14]
	at java.lang.Thread.run(Thread.java:745) [na:1.8.0_121]

2017-04-24 19:39:26.804  WARN 4071 --- [main] .t.AbstractTemplateResolverConfiguration : Cannot find template location: classpath:/templates/ (please add some templates or check your Thymeleaf configuration)
2017-04-24 19:40:10.296  WARN 4079 --- [main] .t.AbstractTemplateResolverConfiguration : Cannot find template location: classpath:/templates/ (please add some templates or check your Thymeleaf configuration)
2017-04-24 19:40:53.504  WARN 4082 --- [main] .t.AbstractTemplateResolverConfiguration : Cannot find template location: classpath:/templates/ (please add some templates or check your Thymeleaf configuration)
2017-04-24 19:43:44.174  WARN 4095 --- [main] .t.AbstractTemplateResolverConfiguration : Cannot find template location: classpath:/templates/ (please add some templates or check your Thymeleaf configuration)
2017-04-24 19:55:38.573  WARN 4116 --- [main] .t.AbstractTemplateResolverConfiguration : Cannot find template location: classpath:/templates/ (please add some templates or check your Thymeleaf configuration)
2017-04-24 19:56:31.992  WARN 4116 --- [http-nio-20008-exec-1] c.j.crawler.proxypool.IPRegexCrawler     : 抓取到空内容http://ip.zdaye.com/?ip=&port=80&adr=%D7%A4%C2%ED%B5%EA&checktime=&sleep=&cunhuo=&nport=&nadr=&dengji=&https=&yys=&gb=&post=&px=
2017-04-24 19:56:39.535  WARN 4116 --- [http-nio-20008-exec-1] c.j.crawler.proxypool.IPRegexCrawler     : 抓取到空内容http://ip.zdaye.com/?ip=&port=8080&adr=%D7%A4%C2%ED%B5%EA&checktime=&sleep=&cunhuo=&nport=&nadr=&dengji=&https=&yys=&gb=&post=&px=
2017-04-24 19:56:42.823  WARN 4116 --- [http-nio-20008-exec-1] c.j.crawler.proxypool.IPRegexCrawler     : 抓取到空内容http://ip.zdaye.com/?ip=&port=3128&adr=%D7%A4%C2%ED%B5%EA&checktime=&sleep=&cunhuo=&nport=&nadr=&dengji=&https=&yys=&gb=&post=&px=
2017-04-24 19:56:46.116  WARN 4116 --- [http-nio-20008-exec-1] c.j.crawler.proxypool.IPRegexCrawler     : 抓取到空内容http://ip.zdaye.com/?ip=&port=8081&adr=%D7%A4%C2%ED%B5%EA&checktime=&sleep=&cunhuo=&nport=&nadr=&dengji=&https=&yys=&gb=&post=&px=
2017-04-24 19:56:49.003  WARN 4116 --- [http-nio-20008-exec-1] c.j.crawler.proxypool.IPRegexCrawler     : 抓取到空内容http://ip.zdaye.com/?ip=&port=9999&adr=%D7%A4%C2%ED%B5%EA&checktime=&sleep=&cunhuo=&nport=&nadr=&dengji=&https=&yys=&gb=&post=&px=
2017-04-24 19:56:55.715  WARN 4116 --- [http-nio-20008-exec-1] c.j.crawler.proxypool.IPRegexCrawler     : 抓取到空内容http://superfastip.com/welcome/testRedis
2017-04-24 19:57:03.793  WARN 4116 --- [http-nio-20008-exec-1] c.j.crawler.proxypool.IPRegexCrawler     : 抓取到空内容http://www.66ip.cn/mo.php?sxb=%D7%A4%C2%ED%B5%EA
2017-04-24 19:58:07.181  WARN 4116 --- [http-nio-20008-exec-2] c.j.crawler.proxypool.IPRegexCrawler     : 抓取到空内容http://ip.zdaye.com/?ip=&port=80&adr=%C4%CF%D1%F4&checktime=&sleep=&cunhuo=&nport=&nadr=&dengji=&https=&yys=&gb=&post=&px=
2017-04-24 19:58:10.517  WARN 4116 --- [http-nio-20008-exec-2] c.j.crawler.proxypool.IPRegexCrawler     : 抓取到空内容http://ip.zdaye.com/?ip=&port=808&adr=%C4%CF%D1%F4&checktime=&sleep=&cunhuo=&nport=&nadr=&dengji=&https=&yys=&gb=&post=&px=
2017-04-24 19:58:13.751  WARN 4116 --- [http-nio-20008-exec-2] c.j.crawler.proxypool.IPRegexCrawler     : 抓取到空内容http://ip.zdaye.com/?ip=&port=8080&adr=%C4%CF%D1%F4&checktime=&sleep=&cunhuo=&nport=&nadr=&dengji=&https=&yys=&gb=&post=&px=
2017-04-24 19:58:17.256  WARN 4116 --- [http-nio-20008-exec-2] c.j.crawler.proxypool.IPRegexCrawler     : 抓取到空内容http://ip.zdaye.com/?ip=&port=3128&adr=%C4%CF%D1%F4&checktime=&sleep=&cunhuo=&nport=&nadr=&dengji=&https=&yys=&gb=&post=&px=
2017-04-24 19:58:20.174  WARN 4116 --- [http-nio-20008-exec-2] c.j.crawler.proxypool.IPRegexCrawler     : 抓取到空内容http://ip.zdaye.com/?ip=&port=8081&adr=%C4%CF%D1%F4&checktime=&sleep=&cunhuo=&nport=&nadr=&dengji=&https=&yys=&gb=&post=&px=
2017-04-24 19:58:38.030  WARN 4116 --- [http-nio-20008-exec-2] c.j.crawler.proxypool.IPRegexCrawler     : 抓取到空内容http://www.66ip.cn/mo.php?sxb=%C4%CF%D1%F4
